<?xml version="1.0" encoding="UTF-8"?>
<testsuite xmlns:xsi="http://www.w3.org/2001/XMLSchema-instance" xsi:noNamespaceSchemaLocation="https://maven.apache.org/surefire/maven-surefire-plugin/xsd/surefire-test-report-3.0.xsd" version="3.0" name="com.csc205.project2.shapes.CylinderTest" time="0.003" tests="4" errors="0" skipped="0" failures="0">
  <properties>
[...]
</properties>
  <testcase name="boundaryVerySmallAndVeryLarge" classname="com.csc205.project2.shapes.CylinderTest" time="0.0"/>
  <testcase name="constructorAndGetters" classname="com.csc205.project2.shapes.CylinderTest" time="0.001"/>
  <testcase name="nullNameOrColor" classname="com.csc205.project2.shapes.CylinderTest" time="0.0"/>
  <testcase name="setterValidation" classname="com.csc205.project2.shapes.CylinderTest" time="0.001"/>
</testsuite>